<?xml version="1.0" encoding="UTF-8"?>
<!-- Generated by org.testng.reporters.JUnitReportReporter -->
<testsuite hostname="5CG2224C40" failures="0" tests="5" name="TestCases.LoginTests" time="76.356" errors="0" timestamp="2025-03-05T12:31:20 IST" skipped="0">
  <testcase classname="TestCases.LoginTests" name="InvalidCredentialsTest" time="11.447"/>
  <system-out/>
  <testcase classname="TestCases.LoginTests" name="UpdatePatient" time="24.216"/>
  <system-out/>
  <testcase classname="TestCases.LoginTests" name="RegisterPatient" time="22.205"/>
  <system-out/>
  <testcase classname="TestCases.LoginTests" name="BlankCredentialsTest" time="8.082"/>
  <system-out/>
  <testcase classname="TestCases.LoginTests" name="validCredentialsTest" time="10.406"/>
  <system-out/>
</testsuite> <!-- TestCases.LoginTests -->
