<?xml version="1.0" encoding="UTF-8"?>
<!-- Generated by org.testng.reporters.JUnitReportReporter -->
<testsuite hostname="5CG2224C40" failures="0" tests="5" name="TestCases.LoginTests" time="66.648" errors="0" timestamp="2025-03-04T17:30:08 IST" skipped="0">
  <testcase classname="TestCases.LoginTests" name="validCredentialsTest" time="11.867"/>
  <system-out/>
  <testcase classname="TestCases.LoginTests" name="BlankCredentialsTest" time="7.276"/>
  <system-out/>
  <testcase classname="TestCases.LoginTests" name="UpdatePatient" time="20.337"/>
  <system-out/>
  <testcase classname="TestCases.LoginTests" name="RegisterPatient" time="19.810"/>
  <system-out/>
  <testcase classname="TestCases.LoginTests" name="InvalidCredentialsTest" time="7.358"/>
  <system-out/>
</testsuite> <!-- TestCases.LoginTests -->
